2023-12-17 22:12:22,239 INFO o.e.Main [main] Запуск программы
2023-12-17 22:12:27,458 INFO o.e.Main [main] Принято значение переменной length
2023-12-17 22:12:29,621 INFO o.e.Main [main] Принято значение переменной languageCount
2023-12-17 22:12:34,337 INFO o.e.Main [main] Принято значение useDifferentCase
2023-12-17 22:12:42,591 INFO o.e.Main [main] Некорректный ввод. Пожалуйста, попробуйте снова.
2023-12-17 22:12:46,615 INFO o.e.Main [main] Некорректный ввод. Пожалуйста, попробуйте снова.
2023-12-17 22:12:48,029 INFO o.e.Main [main] Некорректный ввод. Пожалуйста, попробуйте снова.
2023-12-17 22:12:52,035 INFO o.e.Main [main] Принято значение переменной length
2023-12-17 22:12:56,022 INFO o.e.Main [main] Принято значение переменной languageCount
2023-12-17 22:13:00,766 INFO o.e.Main [main] Принято значение useDifferentCase
2023-12-17 22:13:13,360 INFO o.e.Main [main] Приняты пользовательские цифры
2023-12-17 22:14:09,254 INFO o.e.Main [main] Запуск программы
2023-12-17 22:14:15,129 INFO o.e.Main [main] Принято значение переменной length
2023-12-17 22:14:18,982 INFO o.e.Main [main] Некорректный ввод. Пожалуйста, попробуйте снова.
2023-12-17 22:14:20,394 INFO o.e.Main [main] Принято значение переменной length
2023-12-17 22:14:32,913 INFO o.e.Main [main] Запуск программы
2023-12-17 22:14:35,471 INFO o.e.Main [main] Принято значение переменной length
2023-12-17 22:14:37,977 INFO o.e.Main [main] Принято значение переменной languageCount
2023-12-17 22:14:43,700 INFO o.e.Main [main] Принято значение useDifferentCase
2023-12-17 22:14:50,605 INFO o.e.Main [main] Приняты пользовательские цифры
2023-12-17 22:14:55,594 INFO o.e.Main [main] Принято значение useSpChars
2023-12-17 22:14:55,594 INFO o.e.Main [main] Запуск секундомера
2023-12-17 22:14:55,594 INFO o.e.Main [main] Генерация пароля
2023-12-17 22:14:55,594 INFO o.e.Main [main] Создана строка символов characters, которые могут войти в пароль
2023-12-17 22:14:55,650 INFO o.e.Main [main] Вставлены пользовательские цифры
2023-12-17 22:14:55,652 INFO o.e.Main [main] Вставлены случайные символы из строки characters
2023-12-17 22:14:55,652 INFO o.e.Main [main] Пароль сгенерирован
2023-12-17 22:14:55,652 INFO o.e.Main [main] Финиш секундомера
2023-12-17 22:14:55,654 INFO o.e.Main [main] Время генерации пароля: 58 миллисекунд
